CRITICAL - 2023-09-27 12:45:36 --> Undefined variable $category
in APPPATH\Views\admin\modal.php on line 23.
 1 APPPATH\Views\admin\modal.php(23): CodeIgniter\Debug\Exceptions->errorHandler(2, 'Undefined variable $category', 'C:\\laragon\\www\\ecommerce\\app\\Views\\admin\\modal.php', 23)
 2 SYSTEMPATH\View\View.php(226): include('C:\\laragon\\www\\ecommerce\\app\\Views\\admin\\modal.php')
 3 SYSTEMPATH\View\View.php(229): CodeIgniter\View\View->CodeIgniter\View\{closure}()
 4 SYSTEMPATH\View\View.php(467): CodeIgniter\View\View->render('admin/modal', null, true)
 5 APPPATH\Views\admin.php(6): CodeIgniter\View\View->include('admin/modal')
 6 SYSTEMPATH\View\View.php(226): include('C:\\laragon\\www\\ecommerce\\app\\Views\\admin.php')
 7 SYSTEMPATH\View\View.php(229): CodeIgniter\View\View->CodeIgniter\View\{closure}()
 8 SYSTEMPATH\Common.php(1188): CodeIgniter\View\View->render('admin', [], true)
 9 APPPATH\Controllers\AdminController.php(18): view('admin', [...])
10 SYSTEMPATH\CodeIgniter.php(919): App\Controllers\AdminController->productList()
11 SYSTEMPATH\CodeIgniter.php(494): CodeIgniter\CodeIgniter->runController(Object(App\Controllers\AdminController))
12 SYSTEMPATH\CodeIgniter.php(353): CodeIgniter\CodeIgniter->handleRequest(null, Object(Config\Cache), false)
13 FCPATH\index.php(79): CodeIgniter\CodeIgniter->run()
14 SYSTEMPATH\Commands\Server\rewrite.php(47): require_once('C:\\laragon\\www\\ecommerce\\public\\index.php')
CRITICAL - 2023-09-27 12:47:05 --> Undefined variable $category
in APPPATH\Views\admin\modal.php on line 23.
 1 APPPATH\Views\admin\modal.php(23): CodeIgniter\Debug\Exceptions->errorHandler(2, 'Undefined variable $category', 'C:\\laragon\\www\\ecommerce\\app\\Views\\admin\\modal.php', 23)
 2 SYSTEMPATH\View\View.php(226): include('C:\\laragon\\www\\ecommerce\\app\\Views\\admin\\modal.php')
 3 SYSTEMPATH\View\View.php(229): CodeIgniter\View\View->CodeIgniter\View\{closure}()
 4 SYSTEMPATH\View\View.php(467): CodeIgniter\View\View->render('admin/modal', null, true)
 5 APPPATH\Views\admin.php(6): CodeIgniter\View\View->include('admin/modal')
 6 SYSTEMPATH\View\View.php(226): include('C:\\laragon\\www\\ecommerce\\app\\Views\\admin.php')
 7 SYSTEMPATH\View\View.php(229): CodeIgniter\View\View->CodeIgniter\View\{closure}()
 8 SYSTEMPATH\Common.php(1188): CodeIgniter\View\View->render('admin', [], true)
 9 APPPATH\Controllers\AdminController.php(18): view('admin', [...])
10 SYSTEMPATH\CodeIgniter.php(919): App\Controllers\AdminController->productList()
11 SYSTEMPATH\CodeIgniter.php(494): CodeIgniter\CodeIgniter->runController(Object(App\Controllers\AdminController))
12 SYSTEMPATH\CodeIgniter.php(353): CodeIgniter\CodeIgniter->handleRequest(null, Object(Config\Cache), false)
13 FCPATH\index.php(79): CodeIgniter\CodeIgniter->run()
14 SYSTEMPATH\Commands\Server\rewrite.php(47): require_once('C:\\laragon\\www\\ecommerce\\public\\index.php')
CRITICAL - 2023-09-27 12:47:06 --> Undefined variable $category
in APPPATH\Views\admin\modal.php on line 23.
 1 APPPATH\Views\admin\modal.php(23): CodeIgniter\Debug\Exceptions->errorHandler(2, 'Undefined variable $category', 'C:\\laragon\\www\\ecommerce\\app\\Views\\admin\\modal.php', 23)
 2 SYSTEMPATH\View\View.php(226): include('C:\\laragon\\www\\ecommerce\\app\\Views\\admin\\modal.php')
 3 SYSTEMPATH\View\View.php(229): CodeIgniter\View\View->CodeIgniter\View\{closure}()
 4 SYSTEMPATH\View\View.php(467): CodeIgniter\View\View->render('admin/modal', null, true)
 5 APPPATH\Views\admin.php(6): CodeIgniter\View\View->include('admin/modal')
 6 SYSTEMPATH\View\View.php(226): include('C:\\laragon\\www\\ecommerce\\app\\Views\\admin.php')
 7 SYSTEMPATH\View\View.php(229): CodeIgniter\View\View->CodeIgniter\View\{closure}()
 8 SYSTEMPATH\Common.php(1188): CodeIgniter\View\View->render('admin', [], true)
 9 APPPATH\Controllers\AdminController.php(18): view('admin', [...])
10 SYSTEMPATH\CodeIgniter.php(919): App\Controllers\AdminController->productList()
11 SYSTEMPATH\CodeIgniter.php(494): CodeIgniter\CodeIgniter->runController(Object(App\Controllers\AdminController))
12 SYSTEMPATH\CodeIgniter.php(353): CodeIgniter\CodeIgniter->handleRequest(null, Object(Config\Cache), false)
13 FCPATH\index.php(79): CodeIgniter\CodeIgniter->run()
14 SYSTEMPATH\Commands\Server\rewrite.php(47): require_once('C:\\laragon\\www\\ecommerce\\public\\index.php')
CRITICAL - 2023-09-27 12:47:07 --> Undefined variable $category
in APPPATH\Views\admin\modal.php on line 23.
 1 APPPATH\Views\admin\modal.php(23): CodeIgniter\Debug\Exceptions->errorHandler(2, 'Undefined variable $category', 'C:\\laragon\\www\\ecommerce\\app\\Views\\admin\\modal.php', 23)
 2 SYSTEMPATH\View\View.php(226): include('C:\\laragon\\www\\ecommerce\\app\\Views\\admin\\modal.php')
 3 SYSTEMPATH\View\View.php(229): CodeIgniter\View\View->CodeIgniter\View\{closure}()
 4 SYSTEMPATH\View\View.php(467): CodeIgniter\View\View->render('admin/modal', null, true)
 5 APPPATH\Views\admin.php(6): CodeIgniter\View\View->include('admin/modal')
 6 SYSTEMPATH\View\View.php(226): include('C:\\laragon\\www\\ecommerce\\app\\Views\\admin.php')
 7 SYSTEMPATH\View\View.php(229): CodeIgniter\View\View->CodeIgniter\View\{closure}()
 8 SYSTEMPATH\Common.php(1188): CodeIgniter\View\View->render('admin', [], true)
 9 APPPATH\Controllers\AdminController.php(18): view('admin', [...])
10 SYSTEMPATH\CodeIgniter.php(919): App\Controllers\AdminController->productList()
11 SYSTEMPATH\CodeIgniter.php(494): CodeIgniter\CodeIgniter->runController(Object(App\Controllers\AdminController))
12 SYSTEMPATH\CodeIgniter.php(353): CodeIgniter\CodeIgniter->handleRequest(null, Object(Config\Cache), false)
13 FCPATH\index.php(79): CodeIgniter\CodeIgniter->run()
14 SYSTEMPATH\Commands\Server\rewrite.php(47): require_once('C:\\laragon\\www\\ecommerce\\public\\index.php')
CRITICAL - 2023-09-27 12:47:42 --> Undefined variable $category
in APPPATH\Views\admin\modal.php on line 23.
 1 APPPATH\Views\admin\modal.php(23): CodeIgniter\Debug\Exceptions->errorHandler(2, 'Undefined variable $category', 'C:\\laragon\\www\\ecommerce\\app\\Views\\admin\\modal.php', 23)
 2 SYSTEMPATH\View\View.php(226): include('C:\\laragon\\www\\ecommerce\\app\\Views\\admin\\modal.php')
 3 SYSTEMPATH\View\View.php(229): CodeIgniter\View\View->CodeIgniter\View\{closure}()
 4 SYSTEMPATH\View\View.php(467): CodeIgniter\View\View->render('admin/modal', null, true)
 5 APPPATH\Views\admin.php(6): CodeIgniter\View\View->include('admin/modal')
 6 SYSTEMPATH\View\View.php(226): include('C:\\laragon\\www\\ecommerce\\app\\Views\\admin.php')
 7 SYSTEMPATH\View\View.php(229): CodeIgniter\View\View->CodeIgniter\View\{closure}()
 8 SYSTEMPATH\Common.php(1188): CodeIgniter\View\View->render('admin', [], true)
 9 APPPATH\Controllers\AdminController.php(18): view('admin', [...])
10 SYSTEMPATH\CodeIgniter.php(919): App\Controllers\AdminController->productList()
11 SYSTEMPATH\CodeIgniter.php(494): CodeIgniter\CodeIgniter->runController(Object(App\Controllers\AdminController))
12 SYSTEMPATH\CodeIgniter.php(353): CodeIgniter\CodeIgniter->handleRequest(null, Object(Config\Cache), false)
13 FCPATH\index.php(79): CodeIgniter\CodeIgniter->run()
14 SYSTEMPATH\Commands\Server\rewrite.php(47): require_once('C:\\laragon\\www\\ecommerce\\public\\index.php')
CRITICAL - 2023-09-27 12:47:43 --> Undefined variable $category
in APPPATH\Views\admin\modal.php on line 23.
 1 APPPATH\Views\admin\modal.php(23): CodeIgniter\Debug\Exceptions->errorHandler(2, 'Undefined variable $category', 'C:\\laragon\\www\\ecommerce\\app\\Views\\admin\\modal.php', 23)
 2 SYSTEMPATH\View\View.php(226): include('C:\\laragon\\www\\ecommerce\\app\\Views\\admin\\modal.php')
 3 SYSTEMPATH\View\View.php(229): CodeIgniter\View\View->CodeIgniter\View\{closure}()
 4 SYSTEMPATH\View\View.php(467): CodeIgniter\View\View->render('admin/modal', null, true)
 5 APPPATH\Views\admin.php(6): CodeIgniter\View\View->include('admin/modal')
 6 SYSTEMPATH\View\View.php(226): include('C:\\laragon\\www\\ecommerce\\app\\Views\\admin.php')
 7 SYSTEMPATH\View\View.php(229): CodeIgniter\View\View->CodeIgniter\View\{closure}()
 8 SYSTEMPATH\Common.php(1188): CodeIgniter\View\View->render('admin', [], true)
 9 APPPATH\Controllers\AdminController.php(18): view('admin', [...])
10 SYSTEMPATH\CodeIgniter.php(919): App\Controllers\AdminController->productList()
11 SYSTEMPATH\CodeIgniter.php(494): CodeIgniter\CodeIgniter->runController(Object(App\Controllers\AdminController))
12 SYSTEMPATH\CodeIgniter.php(353): CodeIgniter\CodeIgniter->handleRequest(null, Object(Config\Cache), false)
13 FCPATH\index.php(79): CodeIgniter\CodeIgniter->run()
14 SYSTEMPATH\Commands\Server\rewrite.php(47): require_once('C:\\laragon\\www\\ecommerce\\public\\index.php')
CRITICAL - 2023-09-27 12:47:43 --> Undefined variable $category
in APPPATH\Views\admin\modal.php on line 23.
 1 APPPATH\Views\admin\modal.php(23): CodeIgniter\Debug\Exceptions->errorHandler(2, 'Undefined variable $category', 'C:\\laragon\\www\\ecommerce\\app\\Views\\admin\\modal.php', 23)
 2 SYSTEMPATH\View\View.php(226): include('C:\\laragon\\www\\ecommerce\\app\\Views\\admin\\modal.php')
 3 SYSTEMPATH\View\View.php(229): CodeIgniter\View\View->CodeIgniter\View\{closure}()
 4 SYSTEMPATH\View\View.php(467): CodeIgniter\View\View->render('admin/modal', null, true)
 5 APPPATH\Views\admin.php(6): CodeIgniter\View\View->include('admin/modal')
 6 SYSTEMPATH\View\View.php(226): include('C:\\laragon\\www\\ecommerce\\app\\Views\\admin.php')
 7 SYSTEMPATH\View\View.php(229): CodeIgniter\View\View->CodeIgniter\View\{closure}()
 8 SYSTEMPATH\Common.php(1188): CodeIgniter\View\View->render('admin', [], true)
 9 APPPATH\Controllers\AdminController.php(18): view('admin', [...])
10 SYSTEMPATH\CodeIgniter.php(919): App\Controllers\AdminController->productList()
11 SYSTEMPATH\CodeIgniter.php(494): CodeIgniter\CodeIgniter->runController(Object(App\Controllers\AdminController))
12 SYSTEMPATH\CodeIgniter.php(353): CodeIgniter\CodeIgniter->handleRequest(null, Object(Config\Cache), false)
13 FCPATH\index.php(79): CodeIgniter\CodeIgniter->run()
14 SYSTEMPATH\Commands\Server\rewrite.php(47): require_once('C:\\laragon\\www\\ecommerce\\public\\index.php')
CRITICAL - 2023-09-27 12:47:44 --> Undefined variable $category
in APPPATH\Views\admin\modal.php on line 23.
 1 APPPATH\Views\admin\modal.php(23): CodeIgniter\Debug\Exceptions->errorHandler(2, 'Undefined variable $category', 'C:\\laragon\\www\\ecommerce\\app\\Views\\admin\\modal.php', 23)
 2 SYSTEMPATH\View\View.php(226): include('C:\\laragon\\www\\ecommerce\\app\\Views\\admin\\modal.php')
 3 SYSTEMPATH\View\View.php(229): CodeIgniter\View\View->CodeIgniter\View\{closure}()
 4 SYSTEMPATH\View\View.php(467): CodeIgniter\View\View->render('admin/modal', null, true)
 5 APPPATH\Views\admin.php(6): CodeIgniter\View\View->include('admin/modal')
 6 SYSTEMPATH\View\View.php(226): include('C:\\laragon\\www\\ecommerce\\app\\Views\\admin.php')
 7 SYSTEMPATH\View\View.php(229): CodeIgniter\View\View->CodeIgniter\View\{closure}()
 8 SYSTEMPATH\Common.php(1188): CodeIgniter\View\View->render('admin', [], true)
 9 APPPATH\Controllers\AdminController.php(18): view('admin', [...])
10 SYSTEMPATH\CodeIgniter.php(919): App\Controllers\AdminController->productList()
11 SYSTEMPATH\CodeIgniter.php(494): CodeIgniter\CodeIgniter->runController(Object(App\Controllers\AdminController))
12 SYSTEMPATH\CodeIgniter.php(353): CodeIgniter\CodeIgniter->handleRequest(null, Object(Config\Cache), false)
13 FCPATH\index.php(79): CodeIgniter\CodeIgniter->run()
14 SYSTEMPATH\Commands\Server\rewrite.php(47): require_once('C:\\laragon\\www\\ecommerce\\public\\index.php')
CRITICAL - 2023-09-27 12:49:16 --> Undefined variable $category
in APPPATH\Views\admin\modal.php on line 23.
 1 APPPATH\Views\admin\modal.php(23): CodeIgniter\Debug\Exceptions->errorHandler(2, 'Undefined variable $category', 'C:\\laragon\\www\\ecommerce\\app\\Views\\admin\\modal.php', 23)
 2 SYSTEMPATH\View\View.php(226): include('C:\\laragon\\www\\ecommerce\\app\\Views\\admin\\modal.php')
 3 SYSTEMPATH\View\View.php(229): CodeIgniter\View\View->CodeIgniter\View\{closure}()
 4 SYSTEMPATH\View\View.php(467): CodeIgniter\View\View->render('admin/modal', null, true)
 5 APPPATH\Views\admin.php(6): CodeIgniter\View\View->include('admin/modal')
 6 SYSTEMPATH\View\View.php(226): include('C:\\laragon\\www\\ecommerce\\app\\Views\\admin.php')
 7 SYSTEMPATH\View\View.php(229): CodeIgniter\View\View->CodeIgniter\View\{closure}()
 8 SYSTEMPATH\Common.php(1188): CodeIgniter\View\View->render('admin', [], true)
 9 APPPATH\Controllers\AdminController.php(18): view('admin', [...])
10 SYSTEMPATH\CodeIgniter.php(919): App\Controllers\AdminController->productList()
11 SYSTEMPATH\CodeIgniter.php(494): CodeIgniter\CodeIgniter->runController(Object(App\Controllers\AdminController))
12 SYSTEMPATH\CodeIgniter.php(353): CodeIgniter\CodeIgniter->handleRequest(null, Object(Config\Cache), false)
13 FCPATH\index.php(79): CodeIgniter\CodeIgniter->run()
14 SYSTEMPATH\Commands\Server\rewrite.php(47): require_once('C:\\laragon\\www\\ecommerce\\public\\index.php')
CRITICAL - 2023-09-27 12:49:17 --> Undefined variable $category
in APPPATH\Views\admin\modal.php on line 23.
 1 APPPATH\Views\admin\modal.php(23): CodeIgniter\Debug\Exceptions->errorHandler(2, 'Undefined variable $category', 'C:\\laragon\\www\\ecommerce\\app\\Views\\admin\\modal.php', 23)
 2 SYSTEMPATH\View\View.php(226): include('C:\\laragon\\www\\ecommerce\\app\\Views\\admin\\modal.php')
 3 SYSTEMPATH\View\View.php(229): CodeIgniter\View\View->CodeIgniter\View\{closure}()
 4 SYSTEMPATH\View\View.php(467): CodeIgniter\View\View->render('admin/modal', null, true)
 5 APPPATH\Views\admin.php(6): CodeIgniter\View\View->include('admin/modal')
 6 SYSTEMPATH\View\View.php(226): include('C:\\laragon\\www\\ecommerce\\app\\Views\\admin.php')
 7 SYSTEMPATH\View\View.php(229): CodeIgniter\View\View->CodeIgniter\View\{closure}()
 8 SYSTEMPATH\Common.php(1188): CodeIgniter\View\View->render('admin', [], true)
 9 APPPATH\Controllers\AdminController.php(18): view('admin', [...])
10 SYSTEMPATH\CodeIgniter.php(919): App\Controllers\AdminController->productList()
11 SYSTEMPATH\CodeIgniter.php(494): CodeIgniter\CodeIgniter->runController(Object(App\Controllers\AdminController))
12 SYSTEMPATH\CodeIgniter.php(353): CodeIgniter\CodeIgniter->handleRequest(null, Object(Config\Cache), false)
13 FCPATH\index.php(79): CodeIgniter\CodeIgniter->run()
14 SYSTEMPATH\Commands\Server\rewrite.php(47): require_once('C:\\laragon\\www\\ecommerce\\public\\index.php')
CRITICAL - 2023-09-27 12:49:17 --> Undefined variable $category
in APPPATH\Views\admin\modal.php on line 23.
 1 APPPATH\Views\admin\modal.php(23): CodeIgniter\Debug\Exceptions->errorHandler(2, 'Undefined variable $category', 'C:\\laragon\\www\\ecommerce\\app\\Views\\admin\\modal.php', 23)
 2 SYSTEMPATH\View\View.php(226): include('C:\\laragon\\www\\ecommerce\\app\\Views\\admin\\modal.php')
 3 SYSTEMPATH\View\View.php(229): CodeIgniter\View\View->CodeIgniter\View\{closure}()
 4 SYSTEMPATH\View\View.php(467): CodeIgniter\View\View->render('admin/modal', null, true)
 5 APPPATH\Views\admin.php(6): CodeIgniter\View\View->include('admin/modal')
 6 SYSTEMPATH\View\View.php(226): include('C:\\laragon\\www\\ecommerce\\app\\Views\\admin.php')
 7 SYSTEMPATH\View\View.php(229): CodeIgniter\View\View->CodeIgniter\View\{closure}()
 8 SYSTEMPATH\Common.php(1188): CodeIgniter\View\View->render('admin', [], true)
 9 APPPATH\Controllers\AdminController.php(18): view('admin', [...])
10 SYSTEMPATH\CodeIgniter.php(919): App\Controllers\AdminController->productList()
11 SYSTEMPATH\CodeIgniter.php(494): CodeIgniter\CodeIgniter->runController(Object(App\Controllers\AdminController))
12 SYSTEMPATH\CodeIgniter.php(353): CodeIgniter\CodeIgniter->handleRequest(null, Object(Config\Cache), false)
13 FCPATH\index.php(79): CodeIgniter\CodeIgniter->run()
14 SYSTEMPATH\Commands\Server\rewrite.php(47): require_once('C:\\laragon\\www\\ecommerce\\public\\index.php')
CRITICAL - 2023-09-27 12:49:40 --> Undefined variable $category
in APPPATH\Views\admin\modal.php on line 23.
 1 APPPATH\Views\admin\modal.php(23): CodeIgniter\Debug\Exceptions->errorHandler(2, 'Undefined variable $category', 'C:\\laragon\\www\\ecommerce\\app\\Views\\admin\\modal.php', 23)
 2 SYSTEMPATH\View\View.php(226): include('C:\\laragon\\www\\ecommerce\\app\\Views\\admin\\modal.php')
 3 SYSTEMPATH\View\View.php(229): CodeIgniter\View\View->CodeIgniter\View\{closure}()
 4 SYSTEMPATH\View\View.php(467): CodeIgniter\View\View->render('admin/modal', null, true)
 5 APPPATH\Views\admin.php(6): CodeIgniter\View\View->include('admin/modal')
 6 SYSTEMPATH\View\View.php(226): include('C:\\laragon\\www\\ecommerce\\app\\Views\\admin.php')
 7 SYSTEMPATH\View\View.php(229): CodeIgniter\View\View->CodeIgniter\View\{closure}()
 8 SYSTEMPATH\Common.php(1188): CodeIgniter\View\View->render('admin', [], true)
 9 APPPATH\Controllers\AdminController.php(18): view('admin', [...])
10 SYSTEMPATH\CodeIgniter.php(919): App\Controllers\AdminController->productList()
11 SYSTEMPATH\CodeIgniter.php(494): CodeIgniter\CodeIgniter->runController(Object(App\Controllers\AdminController))
12 SYSTEMPATH\CodeIgniter.php(353): CodeIgniter\CodeIgniter->handleRequest(null, Object(Config\Cache), false)
13 FCPATH\index.php(79): CodeIgniter\CodeIgniter->run()
14 SYSTEMPATH\Commands\Server\rewrite.php(47): require_once('C:\\laragon\\www\\ecommerce\\public\\index.php')
CRITICAL - 2023-09-27 12:49:41 --> Undefined variable $category
in APPPATH\Views\admin\modal.php on line 23.
 1 APPPATH\Views\admin\modal.php(23): CodeIgniter\Debug\Exceptions->errorHandler(2, 'Undefined variable $category', 'C:\\laragon\\www\\ecommerce\\app\\Views\\admin\\modal.php', 23)
 2 SYSTEMPATH\View\View.php(226): include('C:\\laragon\\www\\ecommerce\\app\\Views\\admin\\modal.php')
 3 SYSTEMPATH\View\View.php(229): CodeIgniter\View\View->CodeIgniter\View\{closure}()
 4 SYSTEMPATH\View\View.php(467): CodeIgniter\View\View->render('admin/modal', null, true)
 5 APPPATH\Views\admin.php(6): CodeIgniter\View\View->include('admin/modal')
 6 SYSTEMPATH\View\View.php(226): include('C:\\laragon\\www\\ecommerce\\app\\Views\\admin.php')
 7 SYSTEMPATH\View\View.php(229): CodeIgniter\View\View->CodeIgniter\View\{closure}()
 8 SYSTEMPATH\Common.php(1188): CodeIgniter\View\View->render('admin', [], true)
 9 APPPATH\Controllers\AdminController.php(18): view('admin', [...])
10 SYSTEMPATH\CodeIgniter.php(919): App\Controllers\AdminController->productList()
11 SYSTEMPATH\CodeIgniter.php(494): CodeIgniter\CodeIgniter->runController(Object(App\Controllers\AdminController))
12 SYSTEMPATH\CodeIgniter.php(353): CodeIgniter\CodeIgniter->handleRequest(null, Object(Config\Cache), false)
13 FCPATH\index.php(79): CodeIgniter\CodeIgniter->run()
14 SYSTEMPATH\Commands\Server\rewrite.php(47): require_once('C:\\laragon\\www\\ecommerce\\public\\index.php')
CRITICAL - 2023-09-27 12:49:41 --> Undefined variable $category
in APPPATH\Views\admin\modal.php on line 23.
 1 APPPATH\Views\admin\modal.php(23): CodeIgniter\Debug\Exceptions->errorHandler(2, 'Undefined variable $category', 'C:\\laragon\\www\\ecommerce\\app\\Views\\admin\\modal.php', 23)
 2 SYSTEMPATH\View\View.php(226): include('C:\\laragon\\www\\ecommerce\\app\\Views\\admin\\modal.php')
 3 SYSTEMPATH\View\View.php(229): CodeIgniter\View\View->CodeIgniter\View\{closure}()
 4 SYSTEMPATH\View\View.php(467): CodeIgniter\View\View->render('admin/modal', null, true)
 5 APPPATH\Views\admin.php(6): CodeIgniter\View\View->include('admin/modal')
 6 SYSTEMPATH\View\View.php(226): include('C:\\laragon\\www\\ecommerce\\app\\Views\\admin.php')
 7 SYSTEMPATH\View\View.php(229): CodeIgniter\View\View->CodeIgniter\View\{closure}()
 8 SYSTEMPATH\Common.php(1188): CodeIgniter\View\View->render('admin', [], true)
 9 APPPATH\Controllers\AdminController.php(18): view('admin', [...])
10 SYSTEMPATH\CodeIgniter.php(919): App\Controllers\AdminController->productList()
11 SYSTEMPATH\CodeIgniter.php(494): CodeIgniter\CodeIgniter->runController(Object(App\Controllers\AdminController))
12 SYSTEMPATH\CodeIgniter.php(353): CodeIgniter\CodeIgniter->handleRequest(null, Object(Config\Cache), false)
13 FCPATH\index.php(79): CodeIgniter\CodeIgniter->run()
14 SYSTEMPATH\Commands\Server\rewrite.php(47): require_once('C:\\laragon\\www\\ecommerce\\public\\index.php')
CRITICAL - 2023-09-27 12:51:01 --> syntax error, unexpected token ";", expecting "]"
in APPPATH\Controllers\AdminController.php on line 18.
 1 SYSTEMPATH\Autoloader\Autoloader.php(285): CodeIgniter\Autoloader\Autoloader->includeFile('C:\\laragon\\www\\ecommerce\\app\\Controllers\\AdminController.php')
 2 SYSTEMPATH\Autoloader\Autoloader.php(263): CodeIgniter\Autoloader\Autoloader->loadInNamespace('App\\Controllers\\AdminController')
 3 [internal function]: CodeIgniter\Autoloader\Autoloader->loadClass('App\\Controllers\\AdminController')
 4 SYSTEMPATH\CodeIgniter.php(877): class_exists('\\App\\Controllers\\AdminController', true)
 5 SYSTEMPATH\CodeIgniter.php(481): CodeIgniter\CodeIgniter->startController()
 6 SYSTEMPATH\CodeIgniter.php(353): CodeIgniter\CodeIgniter->handleRequest(null, Object(Config\Cache), false)
 7 FCPATH\index.php(79): CodeIgniter\CodeIgniter->run()
 8 SYSTEMPATH\Commands\Server\rewrite.php(47): require_once('C:\\laragon\\www\\ecommerce\\public\\index.php')
CRITICAL - 2023-09-27 12:51:02 --> syntax error, unexpected token ";", expecting "]"
in APPPATH\Controllers\AdminController.php on line 18.
 1 SYSTEMPATH\Autoloader\Autoloader.php(285): CodeIgniter\Autoloader\Autoloader->includeFile('C:\\laragon\\www\\ecommerce\\app\\Controllers\\AdminController.php')
 2 SYSTEMPATH\Autoloader\Autoloader.php(263): CodeIgniter\Autoloader\Autoloader->loadInNamespace('App\\Controllers\\AdminController')
 3 [internal function]: CodeIgniter\Autoloader\Autoloader->loadClass('App\\Controllers\\AdminController')
 4 SYSTEMPATH\CodeIgniter.php(877): class_exists('\\App\\Controllers\\AdminController', true)
 5 SYSTEMPATH\CodeIgniter.php(481): CodeIgniter\CodeIgniter->startController()
 6 SYSTEMPATH\CodeIgniter.php(353): CodeIgniter\CodeIgniter->handleRequest(null, Object(Config\Cache), false)
 7 FCPATH\index.php(79): CodeIgniter\CodeIgniter->run()
 8 SYSTEMPATH\Commands\Server\rewrite.php(47): require_once('C:\\laragon\\www\\ecommerce\\public\\index.php')
CRITICAL - 2023-09-27 12:51:03 --> syntax error, unexpected token ";", expecting "]"
in APPPATH\Controllers\AdminController.php on line 18.
 1 SYSTEMPATH\Autoloader\Autoloader.php(285): CodeIgniter\Autoloader\Autoloader->includeFile('C:\\laragon\\www\\ecommerce\\app\\Controllers\\AdminController.php')
 2 SYSTEMPATH\Autoloader\Autoloader.php(263): CodeIgniter\Autoloader\Autoloader->loadInNamespace('App\\Controllers\\AdminController')
 3 [internal function]: CodeIgniter\Autoloader\Autoloader->loadClass('App\\Controllers\\AdminController')
 4 SYSTEMPATH\CodeIgniter.php(877): class_exists('\\App\\Controllers\\AdminController', true)
 5 SYSTEMPATH\CodeIgniter.php(481): CodeIgniter\CodeIgniter->startController()
 6 SYSTEMPATH\CodeIgniter.php(353): CodeIgniter\CodeIgniter->handleRequest(null, Object(Config\Cache), false)
 7 FCPATH\index.php(79): CodeIgniter\CodeIgniter->run()
 8 SYSTEMPATH\Commands\Server\rewrite.php(47): require_once('C:\\laragon\\www\\ecommerce\\public\\index.php')
